0 info it worked if it ends with ok
1 verbose cli [ '/Users/Amanda/.nvm/versions/node/v5.9.1/bin/node',
1 verbose cli   '/Users/Amanda/.nvm/versions/node/v5.9.1/bin/npm',
1 verbose cli   'run',
1 verbose cli   'production' ]
2 info using npm@3.7.3
3 info using node@v5.9.1
4 verbose run-script [ 'preproduction', 'production', 'postproduction' ]
5 info lifecycle kara-bot@1.0.0~preproduction: kara-bot@1.0.0
6 silly lifecycle kara-bot@1.0.0~preproduction: no script for preproduction, continuing
7 info lifecycle kara-bot@1.0.0~production: kara-bot@1.0.0
8 verbose lifecycle kara-bot@1.0.0~production: unsafe-perm in lifecycle true
9 verbose lifecycle kara-bot@1.0.0~production: PATH: /Users/Amanda/.nvm/versions/node/v5.9.1/lib/node_modules/npm/bin/node-gyp-bin:/Users/Amanda/Documents/Hack Reactor/thesis/Kara-Bot/node_modules/.bin:/Users/Amanda/.nvm/versions/node/v5.9.1/bin:/Users/Amanda/.nvm/versions/node/v5.9.1/bin:/Users/Amanda/.rbenv/shims:/usr/local/bin:/usr/local/bin:/usr/bin:/bin:/usr/sbin:/sbin:/opt/X11/bin:/usr/local/git/bin
10 verbose lifecycle kara-bot@1.0.0~production: CWD: /Users/Amanda/Documents/Hack Reactor/thesis/Kara-Bot
11 silly lifecycle kara-bot@1.0.0~production: Args: [ '-c', 'webpack -p; node server.js' ]
12 silly lifecycle kara-bot@1.0.0~production: Returned: code: 1  signal: null
13 info lifecycle kara-bot@1.0.0~production: Failed to exec production script
14 verbose stack Error: kara-bot@1.0.0 production: `webpack -p; node server.js`
14 verbose stack Exit status 1
14 verbose stack     at EventEmitter.<anonymous> (/Users/Amanda/.nvm/versions/node/v5.9.1/lib/node_modules/npm/lib/utils/lifecycle.js:239:16)
14 verbose stack     at emitTwo (events.js:100:13)
14 verbose stack     at EventEmitter.emit (events.js:185:7)
14 verbose stack     at ChildProcess.<anonymous> (/Users/Amanda/.nvm/versions/node/v5.9.1/lib/node_modules/npm/lib/utils/spawn.js:24:14)
14 verbose stack     at emitTwo (events.js:100:13)
14 verbose stack     at ChildProcess.emit (events.js:185:7)
14 verbose stack     at maybeClose (internal/child_process.js:850:16)
14 verbose stack     at Process.ChildProcess._handle.onexit (internal/child_process.js:215:5)
15 verbose pkgid kara-bot@1.0.0
16 verbose cwd /Users/Amanda/Documents/Hack Reactor/thesis/Kara-Bot
17 error Darwin 15.4.0
18 error argv "/Users/Amanda/.nvm/versions/node/v5.9.1/bin/node" "/Users/Amanda/.nvm/versions/node/v5.9.1/bin/npm" "run" "production"
19 error node v5.9.1
20 error npm  v3.7.3
21 error code ELIFECYCLE
22 error kara-bot@1.0.0 production: `webpack -p; node server.js`
22 error Exit status 1
23 error Failed at the kara-bot@1.0.0 production script 'webpack -p; node server.js'.
23 error Make sure you have the latest version of node.js and npm installed.
23 error If you do, this is most likely a problem with the kara-bot package,
23 error not with npm itself.
23 error Tell the author that this fails on your system:
23 error     webpack -p; node server.js
23 error You can get information on how to open an issue for this project with:
23 error     npm bugs kara-bot
23 error Or if that isn't available, you can get their info via:
23 error     npm owner ls kara-bot
23 error There is likely additional logging output above.
24 verbose exit [ 1, true ]
